1-1388461217-196-pho+FjsT61bk1SWFyc9shf4qLRk=
[
    {
        "id": 1,
        "guid": "032bbc58-b343-4f6d-978b-550850d25731",
        "isActive": false,
        "balance": "$2,668.00",
        "picture": "http://placehold.it/32x32";
    }
]
2-1388461218-196-pho+FjsT61bk1SWFyc9shf4qLRk=
[
    {
        "id": 2,
        "guid": "032bbc58-b343-4f6d-978b-550850d25731",
        "isActive": false,
        "balance": "$2,668.00",
        "picture": "http://placehold.it/32x32";
    }
]
3-1388461219-196-pho+FjsT61bk1SWFyc9shf4qLRk=
[
    {
        "id": 3,
        "guid": "032bbc58-b343-4f6d-978b-550850d25731",
        "isActive": false,
        "balance": "$2,668.00",
        "picture": "http://placehold.it/32x32";
    }
]
4-1388461219-196-pho+FjsT61bk1SWFyc9shf4qLRk=
[
    {
        "id": 4,
        "guid": "032bbc58-b343-4f6d-978b-550850d25731",
        "isActive": false,
        "balance": "$2,668.00",
        "picture": "http://placehold.it/32x32";
    }
]
